Start testing: Jul 14 09:28 E. Australia Standard Time
----------------------------------------------------------
1/1 Testing: osgui_core
1/1 Test: osgui_core
Command: "C:/Users/mrwge/Documents/anti gravity/claude/osgui/build/osgui_tests.exe"
Directory: C:/Users/mrwge/Documents/anti gravity/claude/osgui/build
"osgui_core" start time: Jul 14 09:28 E. Australia Standard Time
Output:
----------------------------------------------------------
OSGui core tests passed
<end of output>
Test time =   0.01 sec
----------------------------------------------------------
Test Passed.
"osgui_core" end time: Jul 14 09:28 E. Australia Standard Time
"osgui_core" time elapsed: 00:00:00
----------------------------------------------------------

End testing: Jul 14 09:28 E. Australia Standard Time
